<?xml version="1.0" encoding="UTF-8"?>
<!-- Generated by org.testng.reporters.JUnitXMLReporter -->
<testsuite ignored="0" hostname="THSLT10133" failures="0" tests="4" name="Default test" time="93.792" errors="0" timestamp="2020-07-29T15:48:04 IST">
  <testcase classname="Com.crm.qa.test.CalenderPageTest" name="CalenderPageLabel" time="0.69"/>
  <testcase classname="Com.crm.qa.test.CalenderPageTest" name="SelectHeaderLabel" time="4.945"/>
  <testcase classname="Com.crm.qa.test.CalenderPageTest" name="SelectHeaderLabel" time="5.484"/>
  <testcase classname="Com.crm.qa.test.CalenderPageTest" name="SelectHeaderLabel" time="5.493"/>
</testsuite> <!-- Default test -->
