<?xml version="1.0" encoding="UTF-8"?>
<testng-results ignored="0" total="4" passed="4" failed="0" skipped="0">
  <reporter-output>
  </reporter-output>
  <suite started-at="2020-07-29T15:46:30 IST" name="Default suite" finished-at="2020-07-29T15:48:04 IST" duration-ms="93792">
    <groups>
    </groups>
    <test started-at="2020-07-29T15:46:30 IST" name="Default test" finished-at="2020-07-29T15:48:04 IST" duration-ms="93792">
      <class name="Com.crm.qa.test.CalenderPageTest">
        <test-method is-config="true" signature="setup()[pri:0, instance:Com.crm.qa.test.CalenderPageTest@43301423]" started-at="2020-07-29T15:46:30 IST" name="setup" finished-at="2020-07-29T15:46:47 IST" duration-ms="16611" status="PASS">
          <reporter-output>
          </reporter-output>
        </test-method> <!-- setup -->
        <test-method signature="CalenderPageLabel()[pri:1, instance:Com.crm.qa.test.CalenderPageTest@43301423]" started-at="2020-07-29T15:46:47 IST" name="CalenderPageLabel" finished-at="2020-07-29T15:46:47 IST" duration-ms="690" status="PASS">
          <reporter-output>
          </reporter-output>
        </test-method> <!-- CalenderPageLabel -->
        <test-method is-config="true" signature="teardown()[pri:0, instance:Com.crm.qa.test.CalenderPageTest@43301423]" started-at="2020-07-29T15:46:47 IST" name="teardown" finished-at="2020-07-29T15:46:49 IST" duration-ms="1578" status="PASS">
          <reporter-output>
          </reporter-output>
        </test-method> <!-- teardown -->
        <test-method is-config="true" signature="setup()[pri:0, instance:Com.crm.qa.test.CalenderPageTest@43301423]" started-at="2020-07-29T15:46:50 IST" name="setup" finished-at="2020-07-29T15:47:05 IST" duration-ms="15246" status="PASS">
          <reporter-output>
          </reporter-output>
        </test-method> <!-- setup -->
        <test-method signature="SelectHeaderLabel(java.lang.String, java.lang.String)[pri:2, instance:Com.crm.qa.test.CalenderPageTest@43301423]" started-at="2020-07-29T15:47:05 IST" name="SelectHeaderLabel" data-provider="getRedidTestData" finished-at="2020-07-29T15:47:10 IST" duration-ms="4945" status="PASS">
          <params>
            <param index="0">
              <value>
                <![CDATA[TestSubject01]]>
              </value>
            </param>
            <param index="1">
              <value>
                <![CDATA[TestLocation01]]>
              </value>
            </param>
          </params>
          <reporter-output>
          </reporter-output>
        </test-method> <!-- SelectHeaderLabel -->
        <test-method is-config="true" signature="teardown()[pri:0, instance:Com.crm.qa.test.CalenderPageTest@43301423]" started-at="2020-07-29T15:47:10 IST" name="teardown" finished-at="2020-07-29T15:47:12 IST" duration-ms="1312" status="PASS">
          <reporter-output>
          </reporter-output>
        </test-method> <!-- teardown -->
        <test-method is-config="true" signature="setup()[pri:0, instance:Com.crm.qa.test.CalenderPageTest@43301423]" started-at="2020-07-29T15:47:12 IST" name="setup" finished-at="2020-07-29T15:47:31 IST" duration-ms="19254" status="PASS">
          <reporter-output>
          </reporter-output>
        </test-method> <!-- setup -->
        <test-method signature="SelectHeaderLabel(java.lang.String, java.lang.String)[pri:2, instance:Com.crm.qa.test.CalenderPageTest@43301423]" started-at="2020-07-29T15:47:31 IST" name="SelectHeaderLabel" data-provider="getRedidTestData" finished-at="2020-07-29T15:47:36 IST" duration-ms="5484" status="PASS">
          <params>
            <param index="0">
              <value>
                <![CDATA[TestSubject02]]>
              </value>
            </param>
            <param index="1">
              <value>
                <![CDATA[TestLocation02]]>
              </value>
            </param>
          </params>
          <reporter-output>
          </reporter-output>
        </test-method> <!-- SelectHeaderLabel -->
        <test-method is-config="true" signature="teardown()[pri:0, instance:Com.crm.qa.test.CalenderPageTest@43301423]" started-at="2020-07-29T15:47:36 IST" name="teardown" finished-at="2020-07-29T15:47:38 IST" duration-ms="1184" status="PASS">
          <reporter-output>
          </reporter-output>
        </test-method> <!-- teardown -->
        <test-method is-config="true" signature="setup()[pri:0, instance:Com.crm.qa.test.CalenderPageTest@43301423]" started-at="2020-07-29T15:47:38 IST" name="setup" finished-at="2020-07-29T15:47:57 IST" duration-ms="19424" status="PASS">
          <reporter-output>
          </reporter-output>
        </test-method> <!-- setup -->
        <test-method signature="SelectHeaderLabel(java.lang.String, java.lang.String)[pri:2, instance:Com.crm.qa.test.CalenderPageTest@43301423]" started-at="2020-07-29T15:47:57 IST" name="SelectHeaderLabel" data-provider="getRedidTestData" finished-at="2020-07-29T15:48:03 IST" duration-ms="5493" status="PASS">
          <params>
            <param index="0">
              <value>
                <![CDATA[TestSubject03]]>
              </value>
            </param>
            <param index="1">
              <value>
                <![CDATA[TestLocation03]]>
              </value>
            </param>
          </params>
          <reporter-output>
          </reporter-output>
        </test-method> <!-- SelectHeaderLabel -->
        <test-method is-config="true" signature="teardown()[pri:0, instance:Com.crm.qa.test.CalenderPageTest@43301423]" started-at="2020-07-29T15:48:03 IST" name="teardown" finished-at="2020-07-29T15:48:04 IST" duration-ms="1202" status="PASS">
          <reporter-output>
          </reporter-output>
        </test-method> <!-- teardown -->
      </class> <!-- Com.crm.qa.test.CalenderPageTest -->
    </test> <!-- Default test -->
  </suite> <!-- Default suite -->
</testng-results>
